app/build/intermediates/manifest_merge_blame_file/debug/manifest-merger-blame-debug-report.txt
1<?xml version="1.0" encoding="utf-8"?>
2<manifest xmlns:android="http://schemas.android.com/apk/res/android"
3    package="com.app.paymentapp"
4    android:versionCode="1"
5    android:versionName="1.0" >
6
7    <uses-sdk
8        android:minSdkVersion="16"
8-->src/main/AndroidManifest.xml
9        android:targetSdkVersion="30" />
9-->src/main/AndroidManifest.xml
10
11    <!-- Include required permissions for Google Maps API to run. -->
12    <uses-permission android:name="android.permission.ACCESS_NETWORK_STATE" />
12-->[com.google.android.gms:play-services-maps:16.0.0] AndroidManifest.xml:23:5-79
12-->[com.google.android.gms:play-services-maps:16.0.0] AndroidManifest.xml:23:22-76
13    <uses-permission android:name="android.permission.INTERNET" />
13-->[com.google.android.gms:play-services-maps:16.0.0] AndroidManifest.xml:24:5-67
13-->[com.google.android.gms:play-services-maps:16.0.0] AndroidManifest.xml:24:22-64
14
15    <uses-feature
15-->[com.google.android.gms:play-services-maps:16.0.0] AndroidManifest.xml:26:5-28:35
16        android:glEsVersion="0x00020000"
16-->[com.google.android.gms:play-services-maps:16.0.0] AndroidManifest.xml:27:9-41
17        android:required="true" />
17-->[com.google.android.gms:play-services-maps:16.0.0] AndroidManifest.xml:28:9-32
18
19    <application
19-->src/main/AndroidManifest.xml:5:5-25:19
20        android:allowBackup="true"
20-->src/main/AndroidManifest.xml:6:9-35
21        android:appComponentFactory="androidx.core.app.CoreComponentFactory"
21-->[androidx.core:core:1.3.1] AndroidManifest.xml:24:18-86
22        android:debuggable="true"
23        android:icon="@mipmap/ic_launcher"
23-->src/main/AndroidManifest.xml:7:9-43
24        android:label="@string/app_name"
24-->src/main/AndroidManifest.xml:8:9-41
25        android:roundIcon="@mipmap/ic_launcher_round"
25-->src/main/AndroidManifest.xml:9:9-54
26        android:supportsRtl="true"
26-->src/main/AndroidManifest.xml:10:9-35
27        android:testOnly="true"
28        android:theme="@style/Theme.PaymentApp" >
28-->src/main/AndroidManifest.xml:11:9-48
29        <meta-data
29-->src/main/AndroidManifest.xml:12:9-14:36
30            android:name="com.google.android.gms.wallet.api.enabled"
30-->src/main/AndroidManifest.xml:13:13-69
31            android:value="true" />
31-->src/main/AndroidManifest.xml:14:13-33
32
33        <activity
33-->src/main/AndroidManifest.xml:15:9-24:20
34            android:name="com.app.paymentapp.MainActivity"
34-->src/main/AndroidManifest.xml:16:13-41
35            android:label="@string/app_name"
35-->src/main/AndroidManifest.xml:17:13-45
36            android:theme="@style/Theme.PaymentApp.NoActionBar" >
36-->src/main/AndroidManifest.xml:18:13-64
37            <intent-filter>
37-->src/main/AndroidManifest.xml:19:13-23:29
38                <action android:name="android.intent.action.MAIN" />
38-->src/main/AndroidManifest.xml:20:17-69
38-->src/main/AndroidManifest.xml:20:25-66
39
40                <category android:name="android.intent.category.LAUNCHER" />
40-->src/main/AndroidManifest.xml:22:17-77
40-->src/main/AndroidManifest.xml:22:27-74
41            </intent-filter>
42        </activity>
43        <activity
43-->[com.google.android.gms:play-services-base:16.0.1] AndroidManifest.xml:23:9-26:75
44            android:name="com.google.android.gms.common.api.GoogleApiActivity"
44-->[com.google.android.gms:play-services-base:16.0.1] AndroidManifest.xml:24:13-79
45            android:exported="false"
45-->[com.google.android.gms:play-services-base:16.0.1] AndroidManifest.xml:25:13-37
46            android:theme="@android:style/Theme.Translucent.NoTitleBar" />
46-->[com.google.android.gms:play-services-base:16.0.1] AndroidManifest.xml:26:13-72
47
48        <meta-data
48-->[com.google.android.gms:play-services-basement:16.0.1] AndroidManifest.xml:23:9-25:69
49            android:name="com.google.android.gms.version"
49-->[com.google.android.gms:play-services-basement:16.0.1] AndroidManifest.xml:24:13-58
50            android:value="@integer/google_play_services_version" />
50-->[com.google.android.gms:play-services-basement:16.0.1] AndroidManifest.xml:25:13-66
51    </application>
52
53</manifest>